<?xml version="1.0" encoding="UTF-8"?>
<testng-results skipped="0" failed="0" total="1" passed="1">
  <reporter-output>
  </reporter-output>
  <suite name="Default suite" duration-ms="84274" started-at="2016-04-18T09:29:33Z" finished-at="2016-04-18T09:30:57Z">
    <groups>
    </groups>
    <test name="Default test" duration-ms="84274" started-at="2016-04-18T09:29:33Z" finished-at="2016-04-18T09:30:57Z">
      <class name="test.Example">
        <test-method status="PASS" signature="setUp()[pri:0, instance:test.Example@4db17d11]" name="setUp" is-config="true" duration-ms="11713" started-at="2016-04-18T12:29:33Z" finished-at="2016-04-18T12:29:45Z">
          <reporter-output>
          </reporter-output>
        </test-method> <!-- setUp -->
        <test-method status="PASS" signature="test()[pri:0, instance:test.Example@4db17d11]" name="test" duration-ms="72532" started-at="2016-04-18T12:29:45Z" finished-at="2016-04-18T12:30:57Z">
          <reporter-output>
          </reporter-output>
        </test-method> <!-- test -->
      </class> <!-- test.Example -->
    </test> <!-- Default test -->
  </suite> <!-- Default suite -->
</testng-results>
